# JRE version: Java(TM) SE Runtime Environment (8.0_40-b11) (build 1.8.0_40-ea-b11)
# Java VM: Java HotSpot(TM) Server VM (25.40-b15 mixed mode linux-x86 )
Heap:
 PSYoungGen      total 142080K, used 75653K [0x91f80000, 0xa3700000, 0xa7000000)
  eden space 133120K, 56% used [0x91f80000,0x96961500,0x9a180000)
  from space 8960K, 0% used [0x9a180000,0x9a180000,0x9aa40000)
  to   space 9984K, 0% used [0xa2d40000,0xa2d40000,0xa3700000)
 ParOldGen       total 36608K, used 9876K [0x67e00000, 0x6a1c0000, 0x91f80000)
  object space 36608K, 26% used [0x67e00000,0x687a53a8,0x6a1c0000)
 Metaspace       used 18018K, capacity 18431K, committed 18560K, reserved 18736K
GC Heap History (10 events):
Event: 7.783 GC heap before
{Heap before GC invocations=4 (full 0):
 PSYoungGen      total 35840K, used 35828K [0x91f80000, 0x96580000, 0xa7000000)
  eden space 33280K, 100% used [0x91f80000,0x94000000,0x94000000)
  from space 2560K, 99% used [0x94000000,0x9427d2b8,0x94280000)
  to   space 2560K, 0% used [0x96300000,0x96300000,0x96580000)
 ParOldGen       total 43776K, used 1013K [0x67e00000, 0x6a8c0000, 0x91f80000)
  object space 43776K, 2% used [0x67e00000,0x67efd5c0,0x6a8c0000)
 Metaspace       used 7989K, capacity 8162K, committed 8216K, reserved 8496K
Event: 7.820 GC heap after
Heap after GC invocations=4 (full 0):
 PSYoungGen      total 69120K, used 2546K [0x91f80000, 0x96580000, 0xa7000000)
  eden space 66560K, 0% used [0x91f80000,0x91f80000,0x96080000)
  from space 2560K, 99% used [0x96300000,0x9657cba0,0x96580000)
  to   space 2560K, 0% used [0x96080000,0x96080000,0x96300000)
 ParOldGen       total 43776K, used 2220K [0x67e00000, 0x6a8c0000, 0x91f80000)
  object space 43776K, 5% used [0x67e00000,0x6802b298,0x6a8c0000)
 Metaspace       used 7989K, capacity 8162K, committed 8216K, reserved 8496K
}
Event: 10.647 GC heap before
{Heap before GC invocations=5 (full 0):
 PSYoungGen      total 69120K, used 68078K [0x91f80000, 0x96580000, 0xa7000000)
  eden space 66560K, 98% used [0x91f80000,0x95f7efd0,0x96080000)
  from space 2560K, 99% used [0x96300000,0x9657cba0,0x96580000)
  to   space 2560K, 0% used [0x96080000,0x96080000,0x96300000)
 ParOldGen       total 43776K, used 2220K [0x67e00000, 0x6a8c0000, 0x91f80000)
  object space 43776K, 5% used [0x67e00000,0x6802b298,0x6a8c0000)
 Metaspace       used 10179K, capacity 10370K, committed 10392K, reserved 10544K
Event: 10.723 GC heap after
Heap after GC invocations=5 (full 0):
 PSYoungGen      total 69120K, used 2548K [0x91f80000, 0x9b380000, 0xa7000000)
  eden space 66560K, 0% used [0x91f80000,0x91f80000,0x96080000)
  from space 2560K, 99% used [0x96080000,0x962fd3c0,0x96300000)
  to   space 9216K, 0% used [0x9aa80000,0x9aa80000,0x9b380000)
 ParOldGen       total 43776K, used 10031K [0x67e00000, 0x6a8c0000, 0x91f80000)
  object space 43776K, 22% used [0x67e00000,0x687cbf98,0x6a8c0000)
 Metaspace       used 10179K, capacity 10370K, committed 10392K, reserved 10544K
}
Event: 13.622 GC heap before
{Heap before GC invocations=6 (full 0):
 PSYoungGen      total 69120K, used 69108K [0x91f80000, 0x9b380000, 0xa7000000)
  eden space 66560K, 100% used [0x91f80000,0x96080000,0x96080000)
  from space 2560K, 99% used [0x96080000,0x962fd3c0,0x96300000)
  to   space 9216K, 0% used [0x9aa80000,0x9aa80000,0x9b380000)
 ParOldGen       total 43776K, used 10031K [0x67e00000, 0x6a8c0000, 0x91f80000)
  object space 43776K, 22% used [0x67e00000,0x687cbf98,0x6a8c0000)
 Metaspace       used 12866K, capacity 13049K, committed 13080K, reserved 13616K
Event: 13.670 GC heap after
Heap after GC invocations=6 (full 0):
 PSYoungGen      total 141824K, used 5511K [0x91f80000, 0x9b300000, 0xa7000000)
  eden space 133120K, 0% used [0x91f80000,0x91f80000,0x9a180000)
  from space 8704K, 63% used [0x9aa80000,0x9afe1f10,0x9b300000)
  to   space 8960K, 0% used [0x9a180000,0x9a180000,0x9aa40000)
 ParOldGen       total 43776K, used 10035K [0x67e00000, 0x6a8c0000, 0x91f80000)
  object space 43776K, 22% used [0x67e00000,0x687ccf98,0x6a8c0000)
 Metaspace       used 12866K, capacity 13049K, committed 13080K, reserved 13616K
}
Event: 17.000 GC heap before
{Heap before GC invocations=7 (full 0):
 PSYoungGen      total 141824K, used 52939K [0x91f80000, 0x9b300000, 0xa7000000)
  eden space 133120K, 35% used [0x91f80000,0x94dd0cf0,0x9a180000)
  from space 8704K, 63% used [0x9aa80000,0x9afe1f10,0x9b300000)
  to   space 8960K, 0% used [0x9a180000,0x9a180000,0x9aa40000)
 ParOldGen       total 43776K, used 10035K [0x67e00000, 0x6a8c0000, 0x91f80000)
  object space 43776K, 22% used [0x67e00000,0x687ccf98,0x6a8c0000)
 Metaspace       used 16058K, capacity 16359K, committed 16384K, reserved 16688K
Event: 17.057 GC heap after
Heap after GC invocations=7 (full 0):
 PSYoungGen      total 142080K, used 7565K [0x91f80000, 0xa3700000, 0xa7000000)
  eden space 133120K, 0% used [0x91f80000,0x91f80000,0x9a180000)
  from space 8960K, 84% used [0x9a180000,0x9a8e3778,0x9aa40000)
  to   space 9984K, 0% used [0xa2d40000,0xa2d40000,0xa3700000)
 ParOldGen       total 43776K, used 10884K [0x67e00000, 0x6a8c0000, 0x91f80000)
  object space 43776K, 24% used [0x67e00000,0x688a11c0,0x6a8c0000)
 Metaspace       used 16058K, capacity 16359K, committed 16384K, reserved 16688K
}
Event: 17.057 GC heap before
{Heap before GC invocations=8 (full 1):
 PSYoungGen      total 142080K, used 7565K [0x91f80000, 0xa3700000, 0xa7000000)
  eden space 133120K, 0% used [0x91f80000,0x91f80000,0x9a180000)
  from space 8960K, 84% used [0x9a180000,0x9a8e3778,0x9aa40000)
  to   space 9984K, 0% used [0xa2d40000,0xa2d40000,0xa3700000)
 ParOldGen       total 43776K, used 10884K [0x67e00000, 0x6a8c0000, 0x91f80000)
  object space 43776K, 24% used [0x67e00000,0x688a11c0,0x6a8c0000)
 Metaspace       used 16058K, capacity 16359K, committed 16384K, reserved 16688K
Event: 17.193 GC heap after
Heap after GC invocations=8 (full 1):
 PSYoungGen      total 142080K, used 0K [0x91f80000, 0xa3700000, 0xa7000000)
  eden space 133120K, 0% used [0x91f80000,0x91f80000,0x9a180000)
  from space 8960K, 0% used [0x9a180000,0x9a180000,0x9aa40000)
  to   space 9984K, 0% used [0xa2d40000,0xa2d40000,0xa3700000)
 ParOldGen       total 36608K, used 9876K [0x67e00000, 0x6a1c0000, 0x91f80000)
  object space 36608K, 26% used [0x67e00000,0x687a53a8,0x6a1c0000)
 Metaspace       used 16058K, capacity 16359K, committed 16384K, reserved 16688K
}

