# JRE version: Java(TM) SE Runtime Environment (8.0_40-b11) (build 1.8.0_40-ea-b11)
# Java VM: Java HotSpot(TM) Server VM (25.40-b15 mixed mode linux-x86 )
Heap:
 PSYoungGen      total 69120K, used 27035K [0x92180000, 0x96780000, 0xa7200000)
  eden space 66560K, 36% used [0x92180000,0x939683f0,0x96280000)
  from space 2560K, 99% used [0x96500000,0x9677e890,0x96780000)
  to   space 2560K, 0% used [0x96280000,0x96280000,0x96500000)
 ParOldGen       total 43776K, used 15859K [0x68000000, 0x6aac0000, 0x92180000)
  object space 43776K, 36% used [0x68000000,0x68f7cfb0,0x6aac0000)
 Metaspace       used 14857K, capacity 15100K, committed 15128K, reserved 15664K
GC Heap History (8 events):
Event: 1.003 GC heap before
{Heap before GC invocations=1 (full 0):
 PSYoungGen      total 19200K, used 16640K [0x92180000, 0x936c0000, 0xa7200000)
  eden space 16640K, 100% used [0x92180000,0x931c0000,0x931c0000)
  from space 2560K, 0% used [0x93440000,0x93440000,0x936c0000)
  to   space 2560K, 0% used [0x931c0000,0x931c0000,0x93440000)
 ParOldGen       total 43776K, used 0K [0x68000000, 0x6aac0000, 0x92180000)
  object space 43776K, 0% used [0x68000000,0x68000000,0x6aac0000)
 Metaspace       used 5760K, capacity 5853K, committed 5912K, reserved 6448K
Event: 1.015 GC heap after
Heap after GC invocations=1 (full 0):
 PSYoungGen      total 19200K, used 2552K [0x92180000, 0x94700000, 0xa7200000)
  eden space 16640K, 0% used [0x92180000,0x92180000,0x931c0000)
  from space 2560K, 99% used [0x931c0000,0x9343e308,0x93440000)
  to   space 2560K, 0% used [0x94480000,0x94480000,0x94700000)
 ParOldGen       total 43776K, used 658K [0x68000000, 0x6aac0000, 0x92180000)
  object space 43776K, 1% used [0x68000000,0x680a4950,0x6aac0000)
 Metaspace       used 5760K, capacity 5853K, committed 5912K, reserved 6448K
}
Event: 1.619 GC heap before
{Heap before GC invocations=2 (full 0):
 PSYoungGen      total 19200K, used 19192K [0x92180000, 0x94700000, 0xa7200000)
  eden space 16640K, 100% used [0x92180000,0x931c0000,0x931c0000)
  from space 2560K, 99% used [0x931c0000,0x9343e308,0x93440000)
  to   space 2560K, 0% used [0x94480000,0x94480000,0x94700000)
 ParOldGen       total 43776K, used 658K [0x68000000, 0x6aac0000, 0x92180000)
  object space 43776K, 1% used [0x68000000,0x680a4950,0x6aac0000)
 Metaspace       used 7665K, capacity 7786K, committed 7832K, reserved 8496K
Event: 1.645 GC heap after
Heap after GC invocations=2 (full 0):
 PSYoungGen      total 35840K, used 2544K [0x92180000, 0x94700000, 0xa7200000)
  eden space 33280K, 0% used [0x92180000,0x92180000,0x94200000)
  from space 2560K, 99% used [0x94480000,0x946fc060,0x94700000)
  to   space 2560K, 0% used [0x94200000,0x94200000,0x94480000)
 ParOldGen       total 43776K, used 2929K [0x68000000, 0x6aac0000, 0x92180000)
  object space 43776K, 6% used [0x68000000,0x682dc6c0,0x6aac0000)
 Metaspace       used 7665K, capacity 7786K, committed 7832K, reserved 8496K
}
Event: 2.948 GC heap before
{Heap before GC invocations=3 (full 0):
 PSYoungGen      total 35840K, used 35824K [0x92180000, 0x94700000, 0xa7200000)
  eden space 33280K, 100% used [0x92180000,0x94200000,0x94200000)
  from space 2560K, 99% used [0x94480000,0x946fc060,0x94700000)
  to   space 2560K, 0% used [0x94200000,0x94200000,0x94480000)
 ParOldGen       total 43776K, used 2929K [0x68000000, 0x6aac0000, 0x92180000)
  object space 43776K, 6% used [0x68000000,0x682dc6c0,0x6aac0000)
 Metaspace       used 11239K, capacity 11391K, committed 11416K, reserved 11568K
Event: 2.996 GC heap after
Heap after GC invocations=3 (full 0):
 PSYoungGen      total 35840K, used 2544K [0x92180000, 0x96780000, 0xa7200000)
  eden space 33280K, 0% used [0x92180000,0x92180000,0x94200000)
  from space 2560K, 99% used [0x94200000,0x9447c080,0x94480000)
  to   space 2560K, 0% used [0x96500000,0x96500000,0x96780000)
 ParOldGen       total 43776K, used 8959K [0x68000000, 0x6aac0000, 0x92180000)
  object space 43776K, 20% used [0x68000000,0x688bfec8,0x6aac0000)
 Metaspace       used 11239K, capacity 11391K, committed 11416K, reserved 11568K
}
Event: 4.137 GC heap before
{Heap before GC invocations=4 (full 0):
 PSYoungGen      total 35840K, used 35824K [0x92180000, 0x96780000, 0xa7200000)
  eden space 33280K, 100% used [0x92180000,0x94200000,0x94200000)
  from space 2560K, 99% used [0x94200000,0x9447c080,0x94480000)
  to   space 2560K, 0% used [0x96500000,0x96500000,0x96780000)
 ParOldGen       total 43776K, used 8959K [0x68000000, 0x6aac0000, 0x92180000)
  object space 43776K, 20% used [0x68000000,0x688bfec8,0x6aac0000)
 Metaspace       used 13779K, capacity 13972K, committed 13976K, reserved 14640K
Event: 4.225 GC heap after
Heap after GC invocations=4 (full 0):
 PSYoungGen      total 69120K, used 2554K [0x92180000, 0x96780000, 0xa7200000)
  eden space 66560K, 0% used [0x92180000,0x92180000,0x96280000)
  from space 2560K, 99% used [0x96500000,0x9677e890,0x96780000)
  to   space 2560K, 0% used [0x96280000,0x96280000,0x96500000)
 ParOldGen       total 43776K, used 15859K [0x68000000, 0x6aac0000, 0x92180000)
  object space 43776K, 36% used [0x68000000,0x68f7cfb0,0x6aac0000)
 Metaspace       used 13779K, capacity 13972K, committed 13976K, reserved 14640K
}

