# JRE version: Java(TM) SE Runtime Environment (8.0_40-b11) (build 1.8.0_40-ea-b11)
# Java VM: Java HotSpot(TM) Server VM (25.40-b15 mixed mode linux-x86 )
Heap:
 PSYoungGen      total 69120K, used 2884K [0x92180000, 0x9ba00000, 0xa7200000)
  eden space 66560K, 4% used [0x92180000,0x92451328,0x96280000)
  from space 2560K, 0% used [0x96280000,0x96280000,0x96500000)
  to   space 11520K, 0% used [0x9aec0000,0x9aec0000,0x9ba00000)
 ParOldGen       total 50688K, used 20766K [0x68000000, 0x6b180000, 0x92180000)
  object space 50688K, 40% used [0x68000000,0x69447948,0x6b180000)
 Metaspace       used 16151K, capacity 16375K, committed 16384K, reserved 16688K
GC Heap History (10 events):
Event: 1.569 GC heap before
{Heap before GC invocations=2 (full 0):
 PSYoungGen      total 19200K, used 19196K [0x92180000, 0x94700000, 0xa7200000)
  eden space 16640K, 100% used [0x92180000,0x931c0000,0x931c0000)
  from space 2560K, 99% used [0x931c0000,0x9343f118,0x93440000)
  to   space 2560K, 0% used [0x94480000,0x94480000,0x94700000)
 ParOldGen       total 43776K, used 631K [0x68000000, 0x6aac0000, 0x92180000)
  object space 43776K, 1% used [0x68000000,0x6809dd90,0x6aac0000)
 Metaspace       used 7669K, capacity 7786K, committed 7832K, reserved 8496K
Event: 1.587 GC heap after
Heap after GC invocations=2 (full 0):
 PSYoungGen      total 35840K, used 2552K [0x92180000, 0x94700000, 0xa7200000)
  eden space 33280K, 0% used [0x92180000,0x92180000,0x94200000)
  from space 2560K, 99% used [0x94480000,0x946fe010,0x94700000)
  to   space 2560K, 0% used [0x94200000,0x94200000,0x94480000)
 ParOldGen       total 43776K, used 2879K [0x68000000, 0x6aac0000, 0x92180000)
  object space 43776K, 6% used [0x68000000,0x682cfe00,0x6aac0000)
 Metaspace       used 7669K, capacity 7786K, committed 7832K, reserved 8496K
}
Event: 3.051 GC heap before
{Heap before GC invocations=3 (full 0):
 PSYoungGen      total 35840K, used 35832K [0x92180000, 0x94700000, 0xa7200000)
  eden space 33280K, 100% used [0x92180000,0x94200000,0x94200000)
  from space 2560K, 99% used [0x94480000,0x946fe010,0x94700000)
  to   space 2560K, 0% used [0x94200000,0x94200000,0x94480000)
 ParOldGen       total 43776K, used 2879K [0x68000000, 0x6aac0000, 0x92180000)
  object space 43776K, 6% used [0x68000000,0x682cfe00,0x6aac0000)
 Metaspace       used 11185K, capacity 11354K, committed 11416K, reserved 11568K
Event: 3.112 GC heap after
Heap after GC invocations=3 (full 0):
 PSYoungGen      total 35840K, used 2552K [0x92180000, 0x96780000, 0xa7200000)
  eden space 33280K, 0% used [0x92180000,0x92180000,0x94200000)
  from space 2560K, 99% used [0x94200000,0x9447e020,0x94480000)
  to   space 2560K, 0% used [0x96500000,0x96500000,0x96780000)
 ParOldGen       total 43776K, used 8942K [0x68000000, 0x6aac0000, 0x92180000)
  object space 43776K, 20% used [0x68000000,0x688bb978,0x6aac0000)
 Metaspace       used 11185K, capacity 11354K, committed 11416K, reserved 11568K
}
Event: 4.170 GC heap before
{Heap before GC invocations=4 (full 0):
 PSYoungGen      total 35840K, used 35832K [0x92180000, 0x96780000, 0xa7200000)
  eden space 33280K, 100% used [0x92180000,0x94200000,0x94200000)
  from space 2560K, 99% used [0x94200000,0x9447e020,0x94480000)
  to   space 2560K, 0% used [0x96500000,0x96500000,0x96780000)
 ParOldGen       total 43776K, used 8942K [0x68000000, 0x6aac0000, 0x92180000)
  object space 43776K, 20% used [0x68000000,0x688bb978,0x6aac0000)
 Metaspace       used 13774K, capacity 13972K, committed 13976K, reserved 14640K
Event: 4.339 GC heap after
Heap after GC invocations=4 (full 0):
 PSYoungGen      total 69120K, used 2544K [0x92180000, 0x96780000, 0xa7200000)
  eden space 66560K, 0% used [0x92180000,0x92180000,0x96280000)
  from space 2560K, 99% used [0x96500000,0x9677c030,0x96780000)
  to   space 2560K, 0% used [0x96280000,0x96280000,0x96500000)
 ParOldGen       total 43776K, used 15879K [0x68000000, 0x6aac0000, 0x92180000)
  object space 43776K, 36% used [0x68000000,0x68f81c90,0x6aac0000)
 Metaspace       used 13774K, capacity 13972K, committed 13976K, reserved 14640K
}
Event: 14.327 GC heap before
{Heap before GC invocations=5 (full 0):
 PSYoungGen      total 69120K, used 27625K [0x92180000, 0x96780000, 0xa7200000)
  eden space 66560K, 37% used [0x92180000,0x939fe608,0x96280000)
  from space 2560K, 99% used [0x96500000,0x9677c030,0x96780000)
  to   space 2560K, 0% used [0x96280000,0x96280000,0x96500000)
 ParOldGen       total 43776K, used 15879K [0x68000000, 0x6aac0000, 0x92180000)
  object space 43776K, 36% used [0x68000000,0x68f81c90,0x6aac0000)
 Metaspace       used 16138K, capacity 16375K, committed 16384K, reserved 16688K
Event: 14.379 GC heap after
Heap after GC invocations=5 (full 0):
 PSYoungGen      total 69120K, used 2553K [0x92180000, 0x9ba00000, 0xa7200000)
  eden space 66560K, 0% used [0x92180000,0x92180000,0x96280000)
  from space 2560K, 99% used [0x96280000,0x964fe438,0x96500000)
  to   space 11520K, 0% used [0x9aec0000,0x9aec0000,0x9ba00000)
 ParOldGen       total 43776K, used 21161K [0x68000000, 0x6aac0000, 0x92180000)
  object space 43776K, 48% used [0x68000000,0x694aa4b0,0x6aac0000)
 Metaspace       used 16138K, capacity 16375K, committed 16384K, reserved 16688K
}
Event: 14.379 GC heap before
{Heap before GC invocations=6 (full 1):
 PSYoungGen      total 69120K, used 2553K [0x92180000, 0x9ba00000, 0xa7200000)
  eden space 66560K, 0% used [0x92180000,0x92180000,0x96280000)
  from space 2560K, 99% used [0x96280000,0x964fe438,0x96500000)
  to   space 11520K, 0% used [0x9aec0000,0x9aec0000,0x9ba00000)
 ParOldGen       total 43776K, used 21161K [0x68000000, 0x6aac0000, 0x92180000)
  object space 43776K, 48% used [0x68000000,0x694aa4b0,0x6aac0000)
 Metaspace       used 16138K, capacity 16375K, committed 16384K, reserved 16688K
Event: 14.577 GC heap after
Heap after GC invocations=6 (full 1):
 PSYoungGen      total 69120K, used 0K [0x92180000, 0x9ba00000, 0xa7200000)
  eden space 66560K, 0% used [0x92180000,0x92180000,0x96280000)
  from space 2560K, 0% used [0x96280000,0x96280000,0x96500000)
  to   space 11520K, 0% used [0x9aec0000,0x9aec0000,0x9ba00000)
 ParOldGen       total 50688K, used 20766K [0x68000000, 0x6b180000, 0x92180000)
  object space 50688K, 40% used [0x68000000,0x69447948,0x6b180000)
 Metaspace       used 16138K, capacity 16375K, committed 16384K, reserved 16688K
}

