# JRE version: Java(TM) SE Runtime Environment (8.0_40-b11) (build 1.8.0_40-ea-b11)
# Java VM: Java HotSpot(TM) Server VM (25.40-b15 mixed mode linux-x86 )
Heap:
 PSYoungGen      total 138752K, used 73556K [0x91f80000, 0xa3200000, 0xa7000000)
  eden space 132096K, 55% used [0x91f80000,0x967550f8,0x9a080000)
  from space 6656K, 0% used [0x9a080000,0x9a080000,0x9a700000)
  to   space 8448K, 0% used [0xa29c0000,0xa29c0000,0xa3200000)
 ParOldGen       total 36096K, used 9842K [0x67e00000, 0x6a140000, 0x91f80000)
  object space 36096K, 27% used [0x67e00000,0x6879cb98,0x6a140000)
 Metaspace       used 18013K, capacity 18399K, committed 18432K, reserved 18736K
GC Heap History (10 events):
Event: 3.875 GC heap before
{Heap before GC invocations=4 (full 0):
 PSYoungGen      total 35840K, used 35838K [0x91f80000, 0x96580000, 0xa7000000)
  eden space 33280K, 100% used [0x91f80000,0x94000000,0x94000000)
  from space 2560K, 99% used [0x94000000,0x9427fa70,0x94280000)
  to   space 2560K, 0% used [0x96300000,0x96300000,0x96580000)
 ParOldGen       total 43776K, used 955K [0x67e00000, 0x6a8c0000, 0x91f80000)
  object space 43776K, 2% used [0x67e00000,0x67eeefa0,0x6a8c0000)
 Metaspace       used 7984K, capacity 8130K, committed 8216K, reserved 8496K
Event: 3.897 GC heap after
Heap after GC invocations=4 (full 0):
 PSYoungGen      total 69120K, used 2556K [0x91f80000, 0x96580000, 0xa7000000)
  eden space 66560K, 0% used [0x91f80000,0x91f80000,0x96080000)
  from space 2560K, 99% used [0x96300000,0x9657f378,0x96580000)
  to   space 2560K, 0% used [0x96080000,0x96080000,0x96300000)
 ParOldGen       total 43776K, used 2151K [0x67e00000, 0x6a8c0000, 0x91f80000)
  object space 43776K, 4% used [0x67e00000,0x68019da0,0x6a8c0000)
 Metaspace       used 7984K, capacity 8130K, committed 8216K, reserved 8496K
}
Event: 5.388 GC heap before
{Heap before GC invocations=5 (full 0):
 PSYoungGen      total 69120K, used 69116K [0x91f80000, 0x96580000, 0xa7000000)
  eden space 66560K, 100% used [0x91f80000,0x96080000,0x96080000)
  from space 2560K, 99% used [0x96300000,0x9657f378,0x96580000)
  to   space 2560K, 0% used [0x96080000,0x96080000,0x96300000)
 ParOldGen       total 43776K, used 2151K [0x67e00000, 0x6a8c0000, 0x91f80000)
  object space 43776K, 4% used [0x67e00000,0x68019da0,0x6a8c0000)
 Metaspace       used 10778K, capacity 10946K, committed 11032K, reserved 11568K
Event: 5.415 GC heap after
Heap after GC invocations=5 (full 0):
 PSYoungGen      total 69120K, used 2552K [0x91f80000, 0x9ac80000, 0xa7000000)
  eden space 66560K, 0% used [0x91f80000,0x91f80000,0x96080000)
  from space 2560K, 99% used [0x96080000,0x962fe390,0x96300000)
  to   space 5632K, 0% used [0x9a700000,0x9a700000,0x9ac80000)
 ParOldGen       total 43776K, used 4749K [0x67e00000, 0x6a8c0000, 0x91f80000)
  object space 43776K, 10% used [0x67e00000,0x682a3630,0x6a8c0000)
 Metaspace       used 10778K, capacity 10946K, committed 11032K, reserved 11568K
}
Event: 6.982 GC heap before
{Heap before GC invocations=6 (full 0):
 PSYoungGen      total 69120K, used 69112K [0x91f80000, 0x9ac80000, 0xa7000000)
  eden space 66560K, 100% used [0x91f80000,0x96080000,0x96080000)
  from space 2560K, 99% used [0x96080000,0x962fe390,0x96300000)
  to   space 5632K, 0% used [0x9a700000,0x9a700000,0x9ac80000)
 ParOldGen       total 43776K, used 4749K [0x67e00000, 0x6a8c0000, 0x91f80000)
  object space 43776K, 10% used [0x67e00000,0x682a3630,0x6a8c0000)
 Metaspace       used 12944K, capacity 13117K, committed 13208K, reserved 13616K
Event: 7.039 GC heap after
Heap after GC invocations=6 (full 0):
 PSYoungGen      total 137728K, used 5628K [0x91f80000, 0x9ae80000, 0xa7000000)
  eden space 132096K, 0% used [0x91f80000,0x91f80000,0x9a080000)
  from space 5632K, 99% used [0x9a700000,0x9ac7f118,0x9ac80000)
  to   space 6656K, 0% used [0x9a080000,0x9a080000,0x9a700000)
 ParOldGen       total 43776K, used 4979K [0x67e00000, 0x6a8c0000, 0x91f80000)
  object space 43776K, 11% used [0x67e00000,0x682dcdb8,0x6a8c0000)
 Metaspace       used 12944K, capacity 13117K, committed 13208K, reserved 13616K
}
Event: 8.541 GC heap before
{Heap before GC invocations=7 (full 0):
 PSYoungGen      total 137728K, used 50667K [0x91f80000, 0x9ae80000, 0xa7000000)
  eden space 132096K, 34% used [0x91f80000,0x94b7bd30,0x9a080000)
  from space 5632K, 99% used [0x9a700000,0x9ac7f118,0x9ac80000)
  to   space 6656K, 0% used [0x9a080000,0x9a080000,0x9a700000)
 ParOldGen       total 43776K, used 4979K [0x67e00000, 0x6a8c0000, 0x91f80000)
  object space 43776K, 11% used [0x67e00000,0x682dcdb8,0x6a8c0000)
 Metaspace       used 16087K, capacity 16359K, committed 16384K, reserved 16688K
Event: 8.600 GC heap after
Heap after GC invocations=7 (full 0):
 PSYoungGen      total 138752K, used 6644K [0x91f80000, 0xa3200000, 0xa7000000)
  eden space 132096K, 0% used [0x91f80000,0x91f80000,0x9a080000)
  from space 6656K, 99% used [0x9a080000,0x9a6fd118,0x9a700000)
  to   space 8448K, 0% used [0xa29c0000,0xa29c0000,0xa3200000)
 ParOldGen       total 43776K, used 6774K [0x67e00000, 0x6a8c0000, 0x91f80000)
  object space 43776K, 15% used [0x67e00000,0x6849db28,0x6a8c0000)
 Metaspace       used 16087K, capacity 16359K, committed 16384K, reserved 16688K
}
Event: 8.600 GC heap before
{Heap before GC invocations=8 (full 1):
 PSYoungGen      total 138752K, used 6644K [0x91f80000, 0xa3200000, 0xa7000000)
  eden space 132096K, 0% used [0x91f80000,0x91f80000,0x9a080000)
  from space 6656K, 99% used [0x9a080000,0x9a6fd118,0x9a700000)
  to   space 8448K, 0% used [0xa29c0000,0xa29c0000,0xa3200000)
 ParOldGen       total 43776K, used 6774K [0x67e00000, 0x6a8c0000, 0x91f80000)
  object space 43776K, 15% used [0x67e00000,0x6849db28,0x6a8c0000)
 Metaspace       used 16087K, capacity 16359K, committed 16384K, reserved 16688K
Event: 8.748 GC heap after
Heap after GC invocations=8 (full 1):
 PSYoungGen      total 138752K, used 0K [0x91f80000, 0xa3200000, 0xa7000000)
  eden space 132096K, 0% used [0x91f80000,0x91f80000,0x9a080000)
  from space 6656K, 0% used [0x9a080000,0x9a080000,0x9a700000)
  to   space 8448K, 0% used [0xa29c0000,0xa29c0000,0xa3200000)
 ParOldGen       total 36096K, used 9842K [0x67e00000, 0x6a140000, 0x91f80000)
  object space 36096K, 27% used [0x67e00000,0x6879cb98,0x6a140000)
 Metaspace       used 16087K, capacity 16359K, committed 16384K, reserved 16688K
}

