# JRE version: Java(TM) SE Runtime Environment (8.0_40-b11) (build 1.8.0_40-ea-b11)
# Java VM: Java HotSpot(TM) Server VM (25.40-b15 mixed mode linux-x86 )
Heap:
 PSYoungGen      total 142080K, used 77013K [0x91f80000, 0xa3700000, 0xa7000000)
  eden space 133120K, 57% used [0x91f80000,0x96ab5548,0x9a180000)
  from space 8960K, 0% used [0x9a180000,0x9a180000,0x9aa40000)
  to   space 9984K, 0% used [0xa2d40000,0xa2d40000,0xa3700000)
 ParOldGen       total 39680K, used 9960K [0x67e00000, 0x6a4c0000, 0x91f80000)
  object space 39680K, 25% used [0x67e00000,0x687ba3f8,0x6a4c0000)
 Metaspace       used 18310K, capacity 18748K, committed 18816K, reserved 19760K
GC Heap History (10 events):
Event: 2.817 GC heap before
{Heap before GC invocations=4 (full 0):
 PSYoungGen      total 35840K, used 35839K [0x91f80000, 0x96580000, 0xa7000000)
  eden space 33280K, 100% used [0x91f80000,0x94000000,0x94000000)
  from space 2560K, 99% used [0x94000000,0x9427ff88,0x94280000)
  to   space 2560K, 0% used [0x96300000,0x96300000,0x96580000)
 ParOldGen       total 43776K, used 1020K [0x67e00000, 0x6a8c0000, 0x91f80000)
  object space 43776K, 2% used [0x67e00000,0x67eff2c8,0x6a8c0000)
 Metaspace       used 7968K, capacity 8162K, committed 8216K, reserved 8496K
Event: 2.837 GC heap after
Heap after GC invocations=4 (full 0):
 PSYoungGen      total 69120K, used 2547K [0x91f80000, 0x96580000, 0xa7000000)
  eden space 66560K, 0% used [0x91f80000,0x91f80000,0x96080000)
  from space 2560K, 99% used [0x96300000,0x9657cfc0,0x96580000)
  to   space 2560K, 0% used [0x96080000,0x96080000,0x96300000)
 ParOldGen       total 43776K, used 2219K [0x67e00000, 0x6a8c0000, 0x91f80000)
  object space 43776K, 5% used [0x67e00000,0x6802af78,0x6a8c0000)
 Metaspace       used 7968K, capacity 8162K, committed 8216K, reserved 8496K
}
Event: 3.904 GC heap before
{Heap before GC invocations=5 (full 0):
 PSYoungGen      total 69120K, used 68103K [0x91f80000, 0x96580000, 0xa7000000)
  eden space 66560K, 98% used [0x91f80000,0x95f84fa0,0x96080000)
  from space 2560K, 99% used [0x96300000,0x9657cfc0,0x96580000)
  to   space 2560K, 0% used [0x96080000,0x96080000,0x96300000)
 ParOldGen       total 43776K, used 2219K [0x67e00000, 0x6a8c0000, 0x91f80000)
  object space 43776K, 5% used [0x67e00000,0x6802af78,0x6a8c0000)
 Metaspace       used 10173K, capacity 10370K, committed 10392K, reserved 10544K
Event: 3.932 GC heap after
Heap after GC invocations=5 (full 0):
 PSYoungGen      total 69120K, used 2554K [0x91f80000, 0x9b380000, 0xa7000000)
  eden space 66560K, 0% used [0x91f80000,0x91f80000,0x96080000)
  from space 2560K, 99% used [0x96080000,0x962feb78,0x96300000)
  to   space 9216K, 0% used [0x9aa80000,0x9aa80000,0x9b380000)
 ParOldGen       total 43776K, used 10014K [0x67e00000, 0x6a8c0000, 0x91f80000)
  object space 43776K, 22% used [0x67e00000,0x687c7a48,0x6a8c0000)
 Metaspace       used 10173K, capacity 10370K, committed 10392K, reserved 10544K
}
Event: 5.424 GC heap before
{Heap before GC invocations=6 (full 0):
 PSYoungGen      total 69120K, used 69114K [0x91f80000, 0x9b380000, 0xa7000000)
  eden space 66560K, 100% used [0x91f80000,0x96080000,0x96080000)
  from space 2560K, 99% used [0x96080000,0x962feb78,0x96300000)
  to   space 9216K, 0% used [0x9aa80000,0x9aa80000,0x9b380000)
 ParOldGen       total 43776K, used 10014K [0x67e00000, 0x6a8c0000, 0x91f80000)
  object space 43776K, 22% used [0x67e00000,0x687c7a48,0x6a8c0000)
 Metaspace       used 12896K, capacity 13081K, committed 13208K, reserved 13616K
Event: 5.463 GC heap after
Heap after GC invocations=6 (full 0):
 PSYoungGen      total 141824K, used 5669K [0x91f80000, 0x9b300000, 0xa7000000)
  eden space 133120K, 0% used [0x91f80000,0x91f80000,0x9a180000)
  from space 8704K, 65% used [0x9aa80000,0x9b0097f8,0x9b300000)
  to   space 8960K, 0% used [0x9a180000,0x9a180000,0x9aa40000)
 ParOldGen       total 43776K, used 10014K [0x67e00000, 0x6a8c0000, 0x91f80000)
  object space 43776K, 22% used [0x67e00000,0x687c7a48,0x6a8c0000)
 Metaspace       used 12896K, capacity 13081K, committed 13208K, reserved 13616K
}
Event: 7.039 GC heap before
{Heap before GC invocations=7 (full 0):
 PSYoungGen      total 141824K, used 53181K [0x91f80000, 0x9b300000, 0xa7000000)
  eden space 133120K, 35% used [0x91f80000,0x94de5d90,0x9a180000)
  from space 8704K, 65% used [0x9aa80000,0x9b0097f8,0x9b300000)
  to   space 8960K, 0% used [0x9a180000,0x9a180000,0x9aa40000)
 ParOldGen       total 43776K, used 10014K [0x67e00000, 0x6a8c0000, 0x91f80000)
  object space 43776K, 22% used [0x67e00000,0x687c7a48,0x6a8c0000)
 Metaspace       used 16061K, capacity 16359K, committed 16384K, reserved 16688K
Event: 7.079 GC heap after
Heap after GC invocations=7 (full 0):
 PSYoungGen      total 142080K, used 7634K [0x91f80000, 0xa3700000, 0xa7000000)
  eden space 133120K, 0% used [0x91f80000,0x91f80000,0x9a180000)
  from space 8960K, 85% used [0x9a180000,0x9a8f4bb0,0x9aa40000)
  to   space 9984K, 0% used [0xa2d40000,0xa2d40000,0xa3700000)
 ParOldGen       total 43776K, used 10888K [0x67e00000, 0x6a8c0000, 0x91f80000)
  object space 43776K, 24% used [0x67e00000,0x688a2130,0x6a8c0000)
 Metaspace       used 16061K, capacity 16359K, committed 16384K, reserved 16688K
}
Event: 7.079 GC heap before
{Heap before GC invocations=8 (full 1):
 PSYoungGen      total 142080K, used 7634K [0x91f80000, 0xa3700000, 0xa7000000)
  eden space 133120K, 0% used [0x91f80000,0x91f80000,0x9a180000)
  from space 8960K, 85% used [0x9a180000,0x9a8f4bb0,0x9aa40000)
  to   space 9984K, 0% used [0xa2d40000,0xa2d40000,0xa3700000)
 ParOldGen       total 43776K, used 10888K [0x67e00000, 0x6a8c0000, 0x91f80000)
  object space 43776K, 24% used [0x67e00000,0x688a2130,0x6a8c0000)
 Metaspace       used 16061K, capacity 16359K, committed 16384K, reserved 16688K
Event: 7.228 GC heap after
Heap after GC invocations=8 (full 1):
 PSYoungGen      total 142080K, used 0K [0x91f80000, 0xa3700000, 0xa7000000)
  eden space 133120K, 0% used [0x91f80000,0x91f80000,0x9a180000)
  from space 8960K, 0% used [0x9a180000,0x9a180000,0x9aa40000)
  to   space 9984K, 0% used [0xa2d40000,0xa2d40000,0xa3700000)
 ParOldGen       total 39680K, used 9960K [0x67e00000, 0x6a4c0000, 0x91f80000)
  object space 39680K, 25% used [0x67e00000,0x687ba3f8,0x6a4c0000)
 Metaspace       used 16061K, capacity 16359K, committed 16384K, reserved 16688K
}

