# JRE version: Java(TM) SE Runtime Environment (8.0_40-b11) (build 1.8.0_40-ea-b11)
# Java VM: Java HotSpot(TM) Server VM (25.40-b15 mixed mode linux-x86 )
Heap:
 PSYoungGen      total 69120K, used 2884K [0x91f80000, 0x9b800000, 0xa7000000)
  eden space 66560K, 4% used [0x91f80000,0x92251398,0x96080000)
  from space 2560K, 0% used [0x96080000,0x96080000,0x96300000)
  to   space 11520K, 0% used [0x9acc0000,0x9acc0000,0x9b800000)
 ParOldGen       total 54272K, used 20757K [0x67e00000, 0x6b300000, 0x91f80000)
  object space 54272K, 38% used [0x67e00000,0x692455a8,0x6b300000)
 Metaspace       used 16147K, capacity 16407K, committed 16512K, reserved 16688K
GC Heap History (10 events):
Event: 1.616 GC heap before
{Heap before GC invocations=2 (full 0):
 PSYoungGen      total 19200K, used 19196K [0x91f80000, 0x94500000, 0xa7000000)
  eden space 16640K, 100% used [0x91f80000,0x92fc0000,0x92fc0000)
  from space 2560K, 99% used [0x92fc0000,0x9323f0f8,0x93240000)
  to   space 2560K, 0% used [0x94280000,0x94280000,0x94500000)
 ParOldGen       total 43776K, used 645K [0x67e00000, 0x6a8c0000, 0x91f80000)
  object space 43776K, 1% used [0x67e00000,0x67ea1688,0x6a8c0000)
 Metaspace       used 7669K, capacity 7786K, committed 7832K, reserved 8496K
Event: 1.643 GC heap after
Heap after GC invocations=2 (full 0):
 PSYoungGen      total 35840K, used 2544K [0x91f80000, 0x94500000, 0xa7000000)
  eden space 33280K, 0% used [0x91f80000,0x91f80000,0x94000000)
  from space 2560K, 99% used [0x94280000,0x944fc030,0x94500000)
  to   space 2560K, 0% used [0x94000000,0x94000000,0x94280000)
 ParOldGen       total 43776K, used 2906K [0x67e00000, 0x6a8c0000, 0x91f80000)
  object space 43776K, 6% used [0x67e00000,0x680d6b90,0x6a8c0000)
 Metaspace       used 7669K, capacity 7786K, committed 7832K, reserved 8496K
}
Event: 3.111 GC heap before
{Heap before GC invocations=3 (full 0):
 PSYoungGen      total 35840K, used 35824K [0x91f80000, 0x94500000, 0xa7000000)
  eden space 33280K, 100% used [0x91f80000,0x94000000,0x94000000)
  from space 2560K, 99% used [0x94280000,0x944fc030,0x94500000)
  to   space 2560K, 0% used [0x94000000,0x94000000,0x94280000)
 ParOldGen       total 43776K, used 2906K [0x67e00000, 0x6a8c0000, 0x91f80000)
  object space 43776K, 6% used [0x67e00000,0x680d6b90,0x6a8c0000)
 Metaspace       used 11232K, capacity 11391K, committed 11416K, reserved 11568K
Event: 3.181 GC heap after
Heap after GC invocations=3 (full 0):
 PSYoungGen      total 35840K, used 2544K [0x91f80000, 0x96580000, 0xa7000000)
  eden space 33280K, 0% used [0x91f80000,0x91f80000,0x94000000)
  from space 2560K, 99% used [0x94000000,0x9427c050,0x94280000)
  to   space 2560K, 0% used [0x96300000,0x96300000,0x96580000)
 ParOldGen       total 43776K, used 8968K [0x67e00000, 0x6a8c0000, 0x91f80000)
  object space 43776K, 20% used [0x67e00000,0x686c2008,0x6a8c0000)
 Metaspace       used 11232K, capacity 11391K, committed 11416K, reserved 11568K
}
Event: 4.239 GC heap before
{Heap before GC invocations=4 (full 0):
 PSYoungGen      total 35840K, used 35824K [0x91f80000, 0x96580000, 0xa7000000)
  eden space 33280K, 100% used [0x91f80000,0x94000000,0x94000000)
  from space 2560K, 99% used [0x94000000,0x9427c050,0x94280000)
  to   space 2560K, 0% used [0x96300000,0x96300000,0x96580000)
 ParOldGen       total 43776K, used 8968K [0x67e00000, 0x6a8c0000, 0x91f80000)
  object space 43776K, 20% used [0x67e00000,0x686c2008,0x6a8c0000)
 Metaspace       used 13780K, capacity 13972K, committed 13976K, reserved 14640K
Event: 4.289 GC heap after
Heap after GC invocations=4 (full 0):
 PSYoungGen      total 69120K, used 2544K [0x91f80000, 0x96580000, 0xa7000000)
  eden space 66560K, 0% used [0x91f80000,0x91f80000,0x96080000)
  from space 2560K, 99% used [0x96300000,0x9657c030,0x96580000)
  to   space 2560K, 0% used [0x96080000,0x96080000,0x96300000)
 ParOldGen       total 43776K, used 15880K [0x67e00000, 0x6a8c0000, 0x91f80000)
  object space 43776K, 36% used [0x67e00000,0x68d82198,0x6a8c0000)
 Metaspace       used 13780K, capacity 13972K, committed 13976K, reserved 14640K
}
Event: 9.696 GC heap before
{Heap before GC invocations=5 (full 0):
 PSYoungGen      total 69120K, used 27252K [0x91f80000, 0x96580000, 0xa7000000)
  eden space 66560K, 37% used [0x91f80000,0x937a1390,0x96080000)
  from space 2560K, 99% used [0x96300000,0x9657c030,0x96580000)
  to   space 2560K, 0% used [0x96080000,0x96080000,0x96300000)
 ParOldGen       total 43776K, used 15880K [0x67e00000, 0x6a8c0000, 0x91f80000)
  object space 43776K, 36% used [0x67e00000,0x68d82198,0x6a8c0000)
 Metaspace       used 16139K, capacity 16375K, committed 16384K, reserved 16688K
Event: 9.781 GC heap after
Heap after GC invocations=5 (full 0):
 PSYoungGen      total 69120K, used 2544K [0x91f80000, 0x9b800000, 0xa7000000)
  eden space 66560K, 0% used [0x91f80000,0x91f80000,0x96080000)
  from space 2560K, 99% used [0x96080000,0x962fc050,0x96300000)
  to   space 11520K, 0% used [0x9acc0000,0x9acc0000,0x9b800000)
 ParOldGen       total 43776K, used 21179K [0x67e00000, 0x6a8c0000, 0x91f80000)
  object space 43776K, 48% used [0x67e00000,0x692aec18,0x6a8c0000)
 Metaspace       used 16139K, capacity 16375K, committed 16384K, reserved 16688K
}
Event: 9.781 GC heap before
{Heap before GC invocations=6 (full 1):
 PSYoungGen      total 69120K, used 2544K [0x91f80000, 0x9b800000, 0xa7000000)
  eden space 66560K, 0% used [0x91f80000,0x91f80000,0x96080000)
  from space 2560K, 99% used [0x96080000,0x962fc050,0x96300000)
  to   space 11520K, 0% used [0x9acc0000,0x9acc0000,0x9b800000)
 ParOldGen       total 43776K, used 21179K [0x67e00000, 0x6a8c0000, 0x91f80000)
  object space 43776K, 48% used [0x67e00000,0x692aec18,0x6a8c0000)
 Metaspace       used 16139K, capacity 16375K, committed 16384K, reserved 16688K
Event: 10.035 GC heap after
Heap after GC invocations=6 (full 1):
 PSYoungGen      total 69120K, used 0K [0x91f80000, 0x9b800000, 0xa7000000)
  eden space 66560K, 0% used [0x91f80000,0x91f80000,0x96080000)
  from space 2560K, 0% used [0x96080000,0x96080000,0x96300000)
  to   space 11520K, 0% used [0x9acc0000,0x9acc0000,0x9b800000)
 ParOldGen       total 54272K, used 20757K [0x67e00000, 0x6b300000, 0x91f80000)
  object space 54272K, 38% used [0x67e00000,0x692455a8,0x6b300000)
 Metaspace       used 16139K, capacity 16375K, committed 16384K, reserved 16688K
}

