# JRE version: Java(TM) SE Runtime Environment (8.0_40-b11) (build 1.8.0_40-ea-b11)
# Java VM: Java HotSpot(TM) Server VM (25.40-b15 mixed mode linux-x86 )
Heap:
 PSYoungGen      total 138496K, used 77322K [0x91f80000, 0xa3200000, 0xa7000000)
  eden space 132096K, 58% used [0x91f80000,0x96b02aa0,0x9a080000)
  from space 6400K, 0% used [0x9a080000,0x9a080000,0x9a6c0000)
  to   space 8448K, 0% used [0xa29c0000,0xa29c0000,0xa3200000)
 ParOldGen       total 41472K, used 11882K [0x67e00000, 0x6a680000, 0x91f80000)
  object space 41472K, 28% used [0x67e00000,0x6899a9f8,0x6a680000)
 Metaspace       used 18119K, capacity 18556K, committed 18560K, reserved 18736K
GC Heap History (10 events):
Event: 5.212 GC heap before
{Heap before GC invocations=4 (full 0):
 PSYoungGen      total 35840K, used 35832K [0x91f80000, 0x96580000, 0xa7000000)
  eden space 33280K, 100% used [0x91f80000,0x94000000,0x94000000)
  from space 2560K, 99% used [0x94000000,0x9427e380,0x94280000)
  to   space 2560K, 0% used [0x96300000,0x96300000,0x96580000)
 ParOldGen       total 43776K, used 878K [0x67e00000, 0x6a8c0000, 0x91f80000)
  object space 43776K, 2% used [0x67e00000,0x67edba40,0x6a8c0000)
 Metaspace       used 8001K, capacity 8194K, committed 8216K, reserved 8496K
Event: 5.234 GC heap after
Heap after GC invocations=4 (full 0):
 PSYoungGen      total 69120K, used 2549K [0x91f80000, 0x96580000, 0xa7000000)
  eden space 66560K, 0% used [0x91f80000,0x91f80000,0x96080000)
  from space 2560K, 99% used [0x96300000,0x9657d510,0x96580000)
  to   space 2560K, 0% used [0x96080000,0x96080000,0x96300000)
 ParOldGen       total 43776K, used 2104K [0x67e00000, 0x6a8c0000, 0x91f80000)
  object space 43776K, 4% used [0x67e00000,0x6800e028,0x6a8c0000)
 Metaspace       used 8001K, capacity 8194K, committed 8216K, reserved 8496K
}
Event: 6.843 GC heap before
{Heap before GC invocations=5 (full 0):
 PSYoungGen      total 69120K, used 69109K [0x91f80000, 0x96580000, 0xa7000000)
  eden space 66560K, 100% used [0x91f80000,0x96080000,0x96080000)
  from space 2560K, 99% used [0x96300000,0x9657d510,0x96580000)
  to   space 2560K, 0% used [0x96080000,0x96080000,0x96300000)
 ParOldGen       total 43776K, used 2104K [0x67e00000, 0x6a8c0000, 0x91f80000)
  object space 43776K, 4% used [0x67e00000,0x6800e028,0x6a8c0000)
 Metaspace       used 10804K, capacity 10978K, committed 11032K, reserved 11568K
Event: 6.876 GC heap after
Heap after GC invocations=5 (full 0):
 PSYoungGen      total 69120K, used 2554K [0x91f80000, 0x9ac00000, 0xa7000000)
  eden space 66560K, 0% used [0x91f80000,0x91f80000,0x96080000)
  from space 2560K, 99% used [0x96080000,0x962fe8c8,0x96300000)
  to   space 5376K, 0% used [0x9a6c0000,0x9a6c0000,0x9ac00000)
 ParOldGen       total 43776K, used 4565K [0x67e00000, 0x6a8c0000, 0x91f80000)
  object space 43776K, 10% used [0x67e00000,0x68275480,0x6a8c0000)
 Metaspace       used 10804K, capacity 10978K, committed 11032K, reserved 11568K
}
Event: 9.057 GC heap before
{Heap before GC invocations=6 (full 0):
 PSYoungGen      total 69120K, used 69114K [0x91f80000, 0x9ac00000, 0xa7000000)
  eden space 66560K, 100% used [0x91f80000,0x96080000,0x96080000)
  from space 2560K, 99% used [0x96080000,0x962fe8c8,0x96300000)
  to   space 5376K, 0% used [0x9a6c0000,0x9a6c0000,0x9ac00000)
 ParOldGen       total 43776K, used 4565K [0x67e00000, 0x6a8c0000, 0x91f80000)
  object space 43776K, 10% used [0x67e00000,0x68275480,0x6a8c0000)
 Metaspace       used 12964K, capacity 13149K, committed 13208K, reserved 13616K
Event: 9.094 GC heap after
Heap after GC invocations=6 (full 0):
 PSYoungGen      total 137472K, used 5365K [0x91f80000, 0x9ae00000, 0xa7000000)
  eden space 132096K, 0% used [0x91f80000,0x91f80000,0x9a080000)
  from space 5376K, 99% used [0x9a6c0000,0x9abfd5a0,0x9ac00000)
  to   space 6400K, 0% used [0x9a080000,0x9a080000,0x9a6c0000)
 ParOldGen       total 43776K, used 5055K [0x67e00000, 0x6a8c0000, 0x91f80000)
  object space 43776K, 11% used [0x67e00000,0x682eff20,0x6a8c0000)
 Metaspace       used 12964K, capacity 13149K, committed 13208K, reserved 13616K
}
Event: 12.310 GC heap before
{Heap before GC invocations=7 (full 0):
 PSYoungGen      total 137472K, used 50609K [0x91f80000, 0x9ae00000, 0xa7000000)
  eden space 132096K, 34% used [0x91f80000,0x94baeee0,0x9a080000)
  from space 5376K, 99% used [0x9a6c0000,0x9abfd5a0,0x9ac00000)
  to   space 6400K, 0% used [0x9a080000,0x9a080000,0x9a6c0000)
 ParOldGen       total 43776K, used 5055K [0x67e00000, 0x6a8c0000, 0x91f80000)
  object space 43776K, 11% used [0x67e00000,0x682eff20,0x6a8c0000)
 Metaspace       used 16067K, capacity 16359K, committed 16384K, reserved 16688K
Event: 12.491 GC heap after
Heap after GC invocations=7 (full 0):
 PSYoungGen      total 138496K, used 6394K [0x91f80000, 0xa3200000, 0xa7000000)
  eden space 132096K, 0% used [0x91f80000,0x91f80000,0x9a080000)
  from space 6400K, 99% used [0x9a080000,0x9a6be8d0,0x9a6c0000)
  to   space 8448K, 0% used [0xa29c0000,0xa29c0000,0xa3200000)
 ParOldGen       total 43776K, used 7070K [0x67e00000, 0x6a8c0000, 0x91f80000)
  object space 43776K, 16% used [0x67e00000,0x684e7b40,0x6a8c0000)
 Metaspace       used 16067K, capacity 16359K, committed 16384K, reserved 16688K
}
Event: 12.491 GC heap before
{Heap before GC invocations=8 (full 1):
 PSYoungGen      total 138496K, used 6394K [0x91f80000, 0xa3200000, 0xa7000000)
  eden space 132096K, 0% used [0x91f80000,0x91f80000,0x9a080000)
  from space 6400K, 99% used [0x9a080000,0x9a6be8d0,0x9a6c0000)
  to   space 8448K, 0% used [0xa29c0000,0xa29c0000,0xa3200000)
 ParOldGen       total 43776K, used 7070K [0x67e00000, 0x6a8c0000, 0x91f80000)
  object space 43776K, 16% used [0x67e00000,0x684e7b40,0x6a8c0000)
 Metaspace       used 16067K, capacity 16359K, committed 16384K, reserved 16688K
Event: 13.000 GC heap after
Heap after GC invocations=8 (full 1):
 PSYoungGen      total 138496K, used 0K [0x91f80000, 0xa3200000, 0xa7000000)
  eden space 132096K, 0% used [0x91f80000,0x91f80000,0x9a080000)
  from space 6400K, 0% used [0x9a080000,0x9a080000,0x9a6c0000)
  to   space 8448K, 0% used [0xa29c0000,0xa29c0000,0xa3200000)
 ParOldGen       total 41472K, used 11882K [0x67e00000, 0x6a680000, 0x91f80000)
  object space 41472K, 28% used [0x67e00000,0x6899a9f8,0x6a680000)
 Metaspace       used 16067K, capacity 16359K, committed 16384K, reserved 16688K
}

